Index: 38   Pair: "req_eth"
req_eth trade file exists.
Last tx: 47026414
Next tx: 47026415
curl_easy_perform() failed: Couldn't resolve host name
terminate called after throwing an instance of 
'nlohmann::detail::parse_error'
  what():  [json.exception.parse_error.101] parse error at 1: syntax 
error - unexpected end of input; expected '[', '{', or a literal
==11074==
==11074== Process terminating with default action of signal 6 (SIGABRT): 
dumping core
==11074==    at 0x606F860: raise (in /usr/lib/libc-2.26.so)
==11074==    by 0x6070EC8: abort (in /usr/lib/libc-2.26.so)
==11074==    by 0x5144D56: __gnu_cxx::__verbose_terminate_handler() 
(vterminate.cc:95)
==11074==    by 0x51428C5: __cxxabiv1::__terminate(void (*)()) 
(eh_terminate.cc:47)
==11074==    by 0x5142912: std::terminate() (eh_terminate.cc:57)
==11074==    by 0x5142B67: __cxa_throw (eh_throw.cc:93)
==11074==    by 0x129157: 
nlohmann::detail::parser<nlohmann::basic_json<std::map, std::vector, 
std::__cxx11::basic_string<char, std::char_traits<char>, 
std::allocator<char> >, bool, long, unsigned long, double, 
std::allocator, nlohmann::adl_serializer> >::throw_exception() const (in 
/home/overflow/Code/bitgrinder/bin/bitgrinder)
==11074==    by 0x127E50: 
nlohmann::detail::parser<nlohmann::basic_json<std::map, std::vector, 
std::__cxx11::basic_string<char, std::char_traits<char>, 
std::allocator<char> >, bool, long, unsigned long, double, 
std::allocator, nlohmann::adl_serializer> 
>::expect(nlohmann::detail::lexer<nlohmann::basic_json<std::map, 
std::vector, std::__cxx11::basic_string<char, std::char_traits<char>, 
std::allocator<char> >, bool, long, unsigned long, double, 
std::allocator, nlohmann::adl_serializer> >::token_type) (in 
/home/overflow/Code/bitgrinder/bin/bitgrinder)
==11074==    by 0x127C90: 
nlohmann::detail::parser<nlohmann::basic_json<std::map, std::vector, 
std::__cxx11::basic_string<char, std::char_traits<char>, 
std::allocator<char> >, bool, long, unsigned long, double, 
std::allocator, nlohmann::adl_serializer> >::parse_internal(bool, 
nlohmann::basic_json<std::map, std::vector, 
std::__cxx11::basic_string<char, std::char_traits<char>, 
std::allocator<char> >, bool, long, unsigned long, double, 
std::allocator, nlohmann::adl_serializer>&) (in 
/home/overflow/Code/bitgrinder/bin/bitgrinder)
==11074==    by 0x12619E: 
nlohmann::detail::parser<nlohmann::basic_json<std::map, std::vector, 
std::__cxx11::basic_string<char, std::char_traits<char>, 
std::allocator<char> >, bool, long, unsigned long, double, 
std::allocator, nlohmann::adl_serializer> >::parse(bool, 
nlohmann::basic_json<std::map, std::vector, 
std::__cxx11::basic_string<char, std::char_traits<char>, 
std::allocator<char> >, bool, long, unsigned long, double, 
std::allocator, nlohmann::adl_serializer>&) (in 
/home/overflow/Code/bitgrinder/bin/bitgrinder)
==11074==    by 0x125DCF: nlohmann::basic_json<std::map, std::vector, 
std::__cxx11::basic_string<char, std::char_traits<char>, 
std::allocator<char> >, bool, long, unsigned long, double, 
std::allocator, 
nlohmann::adl_serializer>::parse(nlohmann::detail::input_adapter, 
std::function<bool (int, 
nlohmann::detail::parser<nlohmann::basic_json<std::map, std::vector, 
std::__cxx11::basic_string<char, std::char_traits<char>, 
std::allocator<char> >, bool, long, unsigned long, double, 
std::allocator, nlohmann::adl_serializer> >::parse_event_t, 
nlohmann::basic_json<std::map, std::vector, 
std::__cxx11::basic_string<char, std::char_traits<char>, 
std::allocator<char> >, bool, long, unsigned long, double, 
std::allocator, nlohmann::adl_serializer>&)>, bool) (in 
/home/overflow/Code/bitgrinder/bin/bitgrinder)
==11074==    by 0x122795: 
GateIO::sendRequest(std::__cxx11::basic_string<char, 
std::char_traits<char>, std::allocator<char> >, 
std::__cxx11::basic_string<char, std::char_traits<char>, 
std::allocator<char> >) (in 
/home/overflow/Code/bitgrinder/bin/bitgrinder)
==11074==
==11074== HEAP SUMMARY:
==11074==     in use at exit: 13,170,713 bytes in 199,092 blocks
==11074==   total heap usage: 13,980,762 allocs, 13,781,670 frees, 
1,199,897,059 bytes allocated
==11074==
==11074== LEAK SUMMARY:
==11074==    definitely lost: 0 bytes in 0 blocks
==11074==    indirectly lost: 0 bytes in 0 blocks
==11074==      possibly lost: 168 bytes in 1 blocks
==11074==    still reachable: 13,170,545 bytes in 199,091 blocks
==11074==                       of which reachable via heuristic:
==11074==                         stdstring          : 147 bytes in 1 
blocks
==11074==         suppressed: 0 bytes in 0 blocks
==11074== Rerun with --leak-check=full to see details of leaked memory
==11074==
==11074== For counts of detected and suppressed errors, rerun with: -v
==11074== ERROR SUMMARY: 0 errors from 0 contexts (suppressed: 0 from 0)
Aborted (core dumped)
