Determining if the pthread_create exist failed with the following output:
Change Dir: /home/overflow/Code/git/prereqs/akumuli/CMakeFiles/CMakeTmp

Run Build Command:"/usr/bin/make" "cmTC_196ce/fast"
/usr/bin/make -f CMakeFiles/cmTC_196ce.dir/build.make CMakeFiles/cmTC_196ce.dir/build
make[1]: Entering directory '/home/overflow/Code/git/prereqs/akumuli/CMakeFiles/CMakeTmp'
Building C object CMakeFiles/cmTC_196ce.dir/CheckSymbolExists.c.o
/usr/bin/cc    -o CMakeFiles/cmTC_196ce.dir/CheckSymbolExists.c.o   -c /home/overflow/Code/git/prereqs/akumuli/CMakeFiles/CMakeTmp/CheckSymbolExists.c
Linking C executable cmTC_196ce
/usr/bin/cmake -E cmake_link_script CMakeFiles/cmTC_196ce.dir/link.txt --verbose=1
/usr/bin/cc      -rdynamic CMakeFiles/cmTC_196ce.dir/CheckSymbolExists.c.o  -o cmTC_196ce 
CMakeFiles/cmTC_196ce.dir/CheckSymbolExists.c.o: In function `main':
CheckSymbolExists.c:(.text+0x1b): undefined reference to `pthread_create'
collect2: error: ld returned 1 exit status
make[1]: *** [CMakeFiles/cmTC_196ce.dir/build.make:98: cmTC_196ce] Error 1
make[1]: Leaving directory '/home/overflow/Code/git/prereqs/akumuli/CMakeFiles/CMakeTmp'
make: *** [Makefile:126: cmTC_196ce/fast] Error 2

File /home/overflow/Code/git/prereqs/akumuli/CMakeFiles/CMakeTmp/CheckSymbolExists.c:
/* */
#include <pthread.h>

int main(int argc, char** argv)
{
  (void)argv;
#ifndef pthread_create
  return ((int*)(&pthread_create))[argc];
#else
  (void)argc;
  return 0;
#endif
}

Determining if the function pthread_create exists in the pthreads failed with the following output:
Change Dir: /home/overflow/Code/git/prereqs/akumuli/CMakeFiles/CMakeTmp

Run Build Command:"/usr/bin/make" "cmTC_4589c/fast"
/usr/bin/make -f CMakeFiles/cmTC_4589c.dir/build.make CMakeFiles/cmTC_4589c.dir/build
make[1]: Entering directory '/home/overflow/Code/git/prereqs/akumuli/CMakeFiles/CMakeTmp'
Building C object CMakeFiles/cmTC_4589c.dir/CheckFunctionExists.c.o
/usr/bin/cc   -DCHECK_FUNCTION_EXISTS=pthread_create   -o CMakeFiles/cmTC_4589c.dir/CheckFunctionExists.c.o   -c /usr/share/cmake-3.10/Modules/CheckFunctionExists.c
Linking C executable cmTC_4589c
/usr/bin/cmake -E cmake_link_script CMakeFiles/cmTC_4589c.dir/link.txt --verbose=1
/usr/bin/cc  -DCHECK_FUNCTION_EXISTS=pthread_create    -rdynamic CMakeFiles/cmTC_4589c.dir/CheckFunctionExists.c.o  -o cmTC_4589c -lpthreads 
/usr/bin/ld: cannot find -lpthreads
collect2: error: ld returned 1 exit status
make[1]: *** [CMakeFiles/cmTC_4589c.dir/build.make:98: cmTC_4589c] Error 1
make[1]: Leaving directory '/home/overflow/Code/git/prereqs/akumuli/CMakeFiles/CMakeTmp'
make: *** [Makefile:126: cmTC_4589c/fast] Error 2


Determining if the pthread_create exist failed with the following output:
Change Dir: /home/overflow/Code/git/prereqs/akumuli/CMakeFiles/CMakeTmp

Run Build Command:"/usr/bin/make" "cmTC_857b7/fast"
/usr/bin/make -f CMakeFiles/cmTC_857b7.dir/build.make CMakeFiles/cmTC_857b7.dir/build
make[1]: Entering directory '/home/overflow/Code/git/prereqs/akumuli/CMakeFiles/CMakeTmp'
Building C object CMakeFiles/cmTC_857b7.dir/CheckSymbolExists.c.o
/usr/bin/cc    -o CMakeFiles/cmTC_857b7.dir/CheckSymbolExists.c.o   -c /home/overflow/Code/git/prereqs/akumuli/CMakeFiles/CMakeTmp/CheckSymbolExists.c
Linking C executable cmTC_857b7
/usr/bin/cmake -E cmake_link_script CMakeFiles/cmTC_857b7.dir/link.txt --verbose=1
/usr/bin/cc      -rdynamic CMakeFiles/cmTC_857b7.dir/CheckSymbolExists.c.o  -o cmTC_857b7 
CMakeFiles/cmTC_857b7.dir/CheckSymbolExists.c.o: In function `main':
CheckSymbolExists.c:(.text+0x1b): undefined reference to `pthread_create'
collect2: error: ld returned 1 exit status
make[1]: *** [CMakeFiles/cmTC_857b7.dir/build.make:98: cmTC_857b7] Error 1
make[1]: Leaving directory '/home/overflow/Code/git/prereqs/akumuli/CMakeFiles/CMakeTmp'
make: *** [Makefile:126: cmTC_857b7/fast] Error 2

File /home/overflow/Code/git/prereqs/akumuli/CMakeFiles/CMakeTmp/CheckSymbolExists.c:
/* */
#include <pthread.h>

int main(int argc, char** argv)
{
  (void)argv;
#ifndef pthread_create
  return ((int*)(&pthread_create))[argc];
#else
  (void)argc;
  return 0;
#endif
}

Determining if the function pthread_create exists in the pthreads failed with the following output:
Change Dir: /home/overflow/Code/git/prereqs/akumuli/CMakeFiles/CMakeTmp

Run Build Command:"/usr/bin/make" "cmTC_8022f/fast"
/usr/bin/make -f CMakeFiles/cmTC_8022f.dir/build.make CMakeFiles/cmTC_8022f.dir/build
make[1]: Entering directory '/home/overflow/Code/git/prereqs/akumuli/CMakeFiles/CMakeTmp'
Building C object CMakeFiles/cmTC_8022f.dir/CheckFunctionExists.c.o
/usr/bin/cc   -DCHECK_FUNCTION_EXISTS=pthread_create   -o CMakeFiles/cmTC_8022f.dir/CheckFunctionExists.c.o   -c /usr/share/cmake-3.10/Modules/CheckFunctionExists.c
Linking C executable cmTC_8022f
/usr/bin/cmake -E cmake_link_script CMakeFiles/cmTC_8022f.dir/link.txt --verbose=1
/usr/bin/cc  -DCHECK_FUNCTION_EXISTS=pthread_create    -rdynamic CMakeFiles/cmTC_8022f.dir/CheckFunctionExists.c.o  -o cmTC_8022f -lpthreads 
/usr/bin/ld: cannot find -lpthreads
collect2: error: ld returned 1 exit status
make[1]: *** [CMakeFiles/cmTC_8022f.dir/build.make:98: cmTC_8022f] Error 1
make[1]: Leaving directory '/home/overflow/Code/git/prereqs/akumuli/CMakeFiles/CMakeTmp'
make: *** [Makefile:126: cmTC_8022f/fast] Error 2


