This file contains any messages produced by compilers while
running configure, to aid debugging if configure makes a mistake.

It was created by configure, which was
generated by GNU Autoconf 2.69.  Invocation command line was

  $ ./configure --no-create --no-recursion

## --------- ##
## Platform. ##
## --------- ##

hostname = s1
uname -m = x86_64
uname -r = 2.6.32-042stab125.3
uname -s = Linux
uname -v = #1 SMP Thu Jan 4 16:41:44 MSK 2018

/usr/bin/uname -p = unknown
/bin/uname -X     = unknown

/bin/arch              = unknown
/usr/bin/arch -k       = unknown
/usr/convex/getsysinfo = unknown
/usr/bin/hostinfo      = unknown
/bin/machine           = unknown
/usr/bin/oslevel       = unknown
/bin/universe          = unknown

PATH: /usr/local/bin
PATH: /usr/bin
PATH: /bin
PATH: /usr/local/games
PATH: /usr/games


## ----------- ##
## Core tests. ##
## ----------- ##

configure:2820: checking build system type
configure:2834: result: x86_64-unknown-linux-gnu
configure:2854: checking host system type
configure:2867: result: x86_64-unknown-linux-gnu
configure:2887: checking target system type
configure:2900: result: x86_64-unknown-linux-gnu
configure:2955: checking for a BSD-compatible install
configure:3023: result: /usr/bin/install -c
configure:3034: checking whether build environment is sane
configure:3071: result: yes
configure:3133: checking for gawk
configure:3149: found /usr/bin/gawk
configure:3160: result: gawk
configure:3171: checking whether make sets $(MAKE)
configure:3193: result: yes
configure:3459: checking for style of include used by make
configure:3487: result: GNU
configure:3560: checking for gcc
configure:3576: found /usr/bin/gcc
configure:3587: result: gcc
configure:3816: checking for C compiler version
configure:3825: gcc --version >&5
gcc (Debian 4.9.2-10) 4.9.2
Copyright (C) 2014 Free Software Foundation, Inc.
This is free software; see the source for copying conditions.  There is NO
warranty; not even for MERCHANTABILITY or FITNESS FOR A PARTICULAR PURPOSE.

configure:3836: $? = 0
configure:3825: gcc -v >&5
Using built-in specs.
COLLECT_GCC=gcc
COLLECT_LTO_WRAPPER=/usr/lib/gcc/x86_64-linux-gnu/4.9/lto-wrapper
Target: x86_64-linux-gnu
Configured with: ../src/configure -v --with-pkgversion='Debian 4.9.2-10' --with-bugurl=file:///usr/share/doc/gcc-4.9/README.Bugs --enable-languages=c,c++,java,go,d,fortran,objc,obj-c++ --prefix=/usr --program-suffix=-4.9 --enable-shared --enable-linker-build-id --libexecdir=/usr/lib --without-included-gettext --enable-threads=posix --with-gxx-include-dir=/usr/include/c++/4.9 --libdir=/usr/lib --enable-nls --with-sysroot=/ --enable-clocale=gnu --enable-libstdcxx-debug --enable-libstdcxx-time=yes --enable-gnu-unique-object --disable-vtable-verify --enable-plugin --with-system-zlib --disable-browser-plugin --enable-java-awt=gtk --enable-gtk-cairo --with-java-home=/usr/lib/jvm/java-1.5.0-gcj-4.9-amd64/jre --enable-java-home --with-jvm-root-dir=/usr/lib/jvm/java-1.5.0-gcj-4.9-amd64 --with-jvm-jar-dir=/usr/lib/jvm-exports/java-1.5.0-gcj-4.9-amd64 --with-arch-directory=amd64 --with-ecj-jar=/usr/share/java/eclipse-ecj.jar --enable-objc-gc --enable-multiarch --with-arch-32=i586 --with-abi=m64 --with-multilib-list=m32,m64,mx32 --enable-multilib --with-tune=generic --enable-checking=release --build=x86_64-linux-gnu --host=x86_64-linux-gnu --target=x86_64-linux-gnu
Thread model: posix
gcc version 4.9.2 (Debian 4.9.2-10) 
configure:3836: $? = 0
configure:3825: gcc -V >&5
gcc: error: unrecognized command line option '-V'
gcc: fatal error: no input files
compilation terminated.
configure:3836: $? = 4
configure:3825: gcc -qversion >&5
gcc: error: unrecognized command line option '-qversion'
gcc: fatal error: no input files
compilation terminated.
configure:3836: $? = 4
configure:3856: checking whether the C compiler works
configure:3878: gcc    conftest.c  >&5
configure:3882: $? = 0
configure:3930: result: yes
configure:3933: checking for C compiler default output file name
configure:3935: result: a.out
configure:3941: checking for suffix of executables
configure:3948: gcc -o conftest    conftest.c  >&5
configure:3952: $? = 0
configure:3974: result: 
configure:3996: checking whether we are cross compiling
configure:4004: gcc -o conftest    conftest.c  >&5
configure:4008: $? = 0
configure:4015: ./conftest
configure:4019: $? = 0
configure:4034: result: no
configure:4039: checking for suffix of object files
configure:4061: gcc -c   conftest.c >&5
configure:4065: $? = 0
configure:4086: result: o
configure:4090: checking whether we are using the GNU C compiler
configure:4109: gcc -c   conftest.c >&5
configure:4109: $? = 0
configure:4118: result: yes
configure:4127: checking whether gcc accepts -g
configure:4147: gcc -c -g  conftest.c >&5
configure:4147: $? = 0
configure:4188: result: yes
configure:4205: checking for gcc option to accept ISO C89
configure:4268: gcc  -c -g -O2  conftest.c >&5
configure:4268: $? = 0
configure:4281: result: none needed
configure:4303: checking dependency style of gcc
configure:4393: result: gcc3
configure:4410: checking for a sed that does not truncate output
configure:4464: result: /bin/sed
configure:4467: checking for grep that handles long lines and -e
configure:4525: result: /bin/grep
configure:4530: checking for egrep
configure:4592: result: /bin/grep -E
configure:4608: checking for ld used by gcc
configure:4675: result: /usr/bin/ld
configure:4682: checking if the linker (/usr/bin/ld) is GNU ld
configure:4697: result: yes
configure:4702: checking for /usr/bin/ld option to reload object files
configure:4709: result: -r
configure:4727: checking for BSD-compatible nm
configure:4776: result: /usr/bin/nm -B
configure:4780: checking whether ln -s works
configure:4784: result: yes
configure:4791: checking how to recognise dependent libraries
configure:4967: result: pass_all
configure:5055: gcc -c -g -O2  conftest.c >&5
configure:5058: $? = 0
configure:5176: checking how to run the C preprocessor
configure:5207: gcc -E  conftest.c
configure:5207: $? = 0
configure:5221: gcc -E  conftest.c
conftest.c:11:28: fatal error: ac_nonexistent.h: No such file or directory
 #include <ac_nonexistent.h>
                            ^
compilation terminated.
configure:5221: $? = 1
configure: failed program was:
| /* confdefs.h */
| #define PACKAGE_NAME ""
| #define PACKAGE_TARNAME ""
| #define PACKAGE_VERSION ""
| #define PACKAGE_STRING ""
| #define PACKAGE_BUGREPORT ""
| #define PACKAGE_URL ""
| #define PACKAGE "log4cxx"
| #define VERSION "0.10.0"
| /* end confdefs.h.  */
| #include <ac_nonexistent.h>
configure:5246: result: gcc -E
configure:5266: gcc -E  conftest.c
configure:5266: $? = 0
configure:5280: gcc -E  conftest.c
conftest.c:11:28: fatal error: ac_nonexistent.h: No such file or directory
 #include <ac_nonexistent.h>
                            ^
compilation terminated.
configure:5280: $? = 1
configure: failed program was:
| /* confdefs.h */
| #define PACKAGE_NAME ""
| #define PACKAGE_TARNAME ""
| #define PACKAGE_VERSION ""
| #define PACKAGE_STRING ""
| #define PACKAGE_BUGREPORT ""
| #define PACKAGE_URL ""
| #define PACKAGE "log4cxx"
| #define VERSION "0.10.0"
| /* end confdefs.h.  */
| #include <ac_nonexistent.h>
configure:5309: checking for ANSI C header files
configure:5329: gcc -c -g -O2  conftest.c >&5
configure:5329: $? = 0
configure:5402: gcc -o conftest -g -O2   conftest.c  >&5
configure:5402: $? = 0
configure:5402: ./conftest
configure:5402: $? = 0
configure:5413: result: yes
configure:5426: checking for sys/types.h
configure:5426: gcc -c -g -O2  conftest.c >&5
configure:5426: $? = 0
configure:5426: result: yes
configure:5426: checking for sys/stat.h
configure:5426: gcc -c -g -O2  conftest.c >&5
configure:5426: $? = 0
configure:5426: result: yes
configure:5426: checking for stdlib.h
configure:5426: gcc -c -g -O2  conftest.c >&5
configure:5426: $? = 0
configure:5426: result: yes
configure:5426: checking for string.h
configure:5426: gcc -c -g -O2  conftest.c >&5
configure:5426: $? = 0
configure:5426: result: yes
configure:5426: checking for memory.h
configure:5426: gcc -c -g -O2  conftest.c >&5
configure:5426: $? = 0
configure:5426: result: yes
configure:5426: checking for strings.h
configure:5426: gcc -c -g -O2  conftest.c >&5
configure:5426: $? = 0
configure:5426: result: yes
configure:5426: checking for inttypes.h
configure:5426: gcc -c -g -O2  conftest.c >&5
configure:5426: $? = 0
configure:5426: result: yes
configure:5426: checking for stdint.h
configure:5426: gcc -c -g -O2  conftest.c >&5
configure:5426: $? = 0
configure:5426: result: yes
configure:5426: checking for unistd.h
configure:5426: gcc -c -g -O2  conftest.c >&5
configure:5426: $? = 0
configure:5426: result: yes
configure:5440: checking dlfcn.h usability
configure:5440: gcc -c -g -O2  conftest.c >&5
configure:5440: $? = 0
configure:5440: result: yes
configure:5440: checking dlfcn.h presence
configure:5440: gcc -E  conftest.c
configure:5440: $? = 0
configure:5440: result: yes
configure:5440: checking for dlfcn.h
configure:5440: result: yes
configure:5508: checking for g++
configure:5524: found /usr/bin/g++
configure:5535: result: g++
configure:5562: checking for C++ compiler version
configure:5571: g++ --version >&5
g++ (Debian 4.9.2-10) 4.9.2
Copyright (C) 2014 Free Software Foundation, Inc.
This is free software; see the source for copying conditions.  There is NO
warranty; not even for MERCHANTABILITY or FITNESS FOR A PARTICULAR PURPOSE.

configure:5582: $? = 0
configure:5571: g++ -v >&5
Using built-in specs.
COLLECT_GCC=g++
COLLECT_LTO_WRAPPER=/usr/lib/gcc/x86_64-linux-gnu/4.9/lto-wrapper
Target: x86_64-linux-gnu
Configured with: ../src/configure -v --with-pkgversion='Debian 4.9.2-10' --with-bugurl=file:///usr/share/doc/gcc-4.9/README.Bugs --enable-languages=c,c++,java,go,d,fortran,objc,obj-c++ --prefix=/usr --program-suffix=-4.9 --enable-shared --enable-linker-build-id --libexecdir=/usr/lib --without-included-gettext --enable-threads=posix --with-gxx-include-dir=/usr/include/c++/4.9 --libdir=/usr/lib --enable-nls --with-sysroot=/ --enable-clocale=gnu --enable-libstdcxx-debug --enable-libstdcxx-time=yes --enable-gnu-unique-object --disable-vtable-verify --enable-plugin --with-system-zlib --disable-browser-plugin --enable-java-awt=gtk --enable-gtk-cairo --with-java-home=/usr/lib/jvm/java-1.5.0-gcj-4.9-amd64/jre --enable-java-home --with-jvm-root-dir=/usr/lib/jvm/java-1.5.0-gcj-4.9-amd64 --with-jvm-jar-dir=/usr/lib/jvm-exports/java-1.5.0-gcj-4.9-amd64 --with-arch-directory=amd64 --with-ecj-jar=/usr/share/java/eclipse-ecj.jar --enable-objc-gc --enable-multiarch --with-arch-32=i586 --with-abi=m64 --with-multilib-list=m32,m64,mx32 --enable-multilib --with-tune=generic --enable-checking=release --build=x86_64-linux-gnu --host=x86_64-linux-gnu --target=x86_64-linux-gnu
Thread model: posix
gcc version 4.9.2 (Debian 4.9.2-10) 
configure:5582: $? = 0
configure:5571: g++ -V >&5
g++: error: unrecognized command line option '-V'
g++: fatal error: no input files
compilation terminated.
configure:5582: $? = 4
configure:5571: g++ -qversion >&5
g++: error: unrecognized command line option '-qversion'
g++: fatal error: no input files
compilation terminated.
configure:5582: $? = 4
configure:5586: checking whether we are using the GNU C++ compiler
configure:5605: g++ -c   conftest.cpp >&5
configure:5605: $? = 0
configure:5614: result: yes
configure:5623: checking whether g++ accepts -g
configure:5643: g++ -c -g  conftest.cpp >&5
configure:5643: $? = 0
configure:5684: result: yes
configure:5709: checking dependency style of g++
configure:5799: result: gcc3
configure:5826: checking how to run the C++ preprocessor
configure:5853: g++ -E  conftest.cpp
configure:5853: $? = 0
configure:5867: g++ -E  conftest.cpp
conftest.cpp:22:28: fatal error: ac_nonexistent.h: No such file or directory
 #include <ac_nonexistent.h>
                            ^
compilation terminated.
configure:5867: $? = 1
configure: failed program was:
| /* confdefs.h */
| #define PACKAGE_NAME ""
| #define PACKAGE_TARNAME ""
| #define PACKAGE_VERSION ""
| #define PACKAGE_STRING ""
| #define PACKAGE_BUGREPORT ""
| #define PACKAGE_URL ""
| #define PACKAGE "log4cxx"
| #define VERSION "0.10.0"
| #define STDC_HEADERS 1
| #define HAVE_SYS_TYPES_H 1
| #define HAVE_SYS_STAT_H 1
| #define HAVE_STDLIB_H 1
| #define HAVE_STRING_H 1
| #define HAVE_MEMORY_H 1
| #define HAVE_STRINGS_H 1
| #define HAVE_INTTYPES_H 1
| #define HAVE_STDINT_H 1
| #define HAVE_UNISTD_H 1
| #define HAVE_DLFCN_H 1
| /* end confdefs.h.  */
| #include <ac_nonexistent.h>
configure:5892: result: g++ -E
configure:5912: g++ -E  conftest.cpp
configure:5912: $? = 0
configure:5926: g++ -E  conftest.cpp
conftest.cpp:22:28: fatal error: ac_nonexistent.h: No such file or directory
 #include <ac_nonexistent.h>
                            ^
compilation terminated.
configure:5926: $? = 1
configure: failed program was:
| /* confdefs.h */
| #define PACKAGE_NAME ""
| #define PACKAGE_TARNAME ""
| #define PACKAGE_VERSION ""
| #define PACKAGE_STRING ""
| #define PACKAGE_BUGREPORT ""
| #define PACKAGE_URL ""
| #define PACKAGE "log4cxx"
| #define VERSION "0.10.0"
| #define STDC_HEADERS 1
| #define HAVE_SYS_TYPES_H 1
| #define HAVE_SYS_STAT_H 1
| #define HAVE_STDLIB_H 1
| #define HAVE_STRING_H 1
| #define HAVE_MEMORY_H 1
| #define HAVE_STRINGS_H 1
| #define HAVE_INTTYPES_H 1
| #define HAVE_STDINT_H 1
| #define HAVE_UNISTD_H 1
| #define HAVE_DLFCN_H 1
| /* end confdefs.h.  */
| #include <ac_nonexistent.h>
configure:6010: checking for g77
configure:6040: result: no
configure:6010: checking for xlf
configure:6040: result: no
configure:6010: checking for f77
configure:6040: result: no
configure:6010: checking for frt
configure:6040: result: no
configure:6010: checking for pgf77
configure:6040: result: no
configure:6010: checking for cf77
configure:6040: result: no
configure:6010: checking for fort77
configure:6040: result: no
configure:6010: checking for fl32
configure:6040: result: no
configure:6010: checking for af77
configure:6040: result: no
configure:6010: checking for xlf90
configure:6040: result: no
configure:6010: checking for f90
configure:6040: result: no
configure:6010: checking for pgf90
configure:6040: result: no
configure:6010: checking for pghpf
configure:6040: result: no
configure:6010: checking for epcf90
configure:6040: result: no
configure:6010: checking for gfortran
configure:6040: result: no
configure:6010: checking for g95
configure:6040: result: no
configure:6010: checking for xlf95
configure:6040: result: no
configure:6010: checking for f95
configure:6040: result: no
configure:6010: checking for fort
configure:6040: result: no
configure:6010: checking for ifort
configure:6040: result: no
configure:6010: checking for ifc
configure:6040: result: no
configure:6010: checking for efc
configure:6040: result: no
configure:6010: checking for pgfortran
configure:6040: result: no
configure:6010: checking for pgf95
configure:6040: result: no
configure:6010: checking for lf95
configure:6040: result: no
configure:6010: checking for ftn
configure:6040: result: no
configure:6010: checking for nagfor
configure:6040: result: no
configure:6063: checking for Fortran 77 compiler version
configure:6072:  --version >&5
./configure: line 6074: --version: command not found
configure:6083: $? = 127
configure:6072:  -v >&5
./configure: line 6074: -v: command not found
configure:6083: $? = 127
configure:6072:  -V >&5
./configure: line 6074: -V: command not found
configure:6083: $? = 127
configure:6072:  -qversion >&5
./configure: line 6074: -qversion: command not found
configure:6083: $? = 127
configure:6092: checking whether we are using the GNU Fortran 77 compiler
configure:6105:  -c  conftest.F >&5
./configure: line 2192: -c: command not found
configure:6105: $? = 127
configure: failed program was:
|       program main
| #ifndef __GNUC__
|        choke me
| #endif
| 
|       end
configure:6114: result: no
configure:6120: checking whether  accepts -g
configure:6131:  -c -g conftest.f >&5
./configure: line 2192: -c: command not found
configure:6131: $? = 127
configure: failed program was:
|       program main
| 
|       end
configure:6139: result: no
configure:6173: checking the maximum length of command line arguments
configure:6282: result: 32768
configure:6293: checking command to parse /usr/bin/nm -B output from gcc object
configure:6398: gcc -c -g -O2  conftest.c >&5
configure:6401: $? = 0
configure:6405: /usr/bin/nm -B conftest.o \| sed -n -e 's/^.*[ 	]\([ABCDGIRSTW][ABCDGIRSTW]*\)[ 	][ 	]*\([_A-Za-z][_A-Za-z0-9]*\)$/\1 \2 \2/p' \> conftest.nm
configure:6408: $? = 0
configure:6460: gcc -o conftest -g -O2   conftest.c conftstm.o >&5
configure:6463: $? = 0
configure:6501: result: ok
configure:6505: checking for objdir
configure:6520: result: .libs
configure:6612: checking for ar
configure:6628: found /usr/bin/ar
configure:6639: result: ar
configure:6704: checking for ranlib
configure:6720: found /usr/bin/ranlib
configure:6731: result: ranlib
configure:6796: checking for strip
configure:6812: found /usr/bin/strip
configure:6823: result: strip
configure:7105: checking if gcc supports -fno-rtti -fno-exceptions
configure:7123: gcc -c -g -O2  -fno-rtti -fno-exceptions conftest.c >&5
cc1: warning: command line option '-fno-rtti' is valid for C++/ObjC++ but not for C
configure:7127: $? = 0
configure:7140: result: no
configure:7155: checking for gcc option to produce PIC
configure:7365: result: -fPIC
configure:7373: checking if gcc PIC flag -fPIC works
configure:7391: gcc -c -g -O2  -fPIC -DPIC conftest.c >&5
configure:7395: $? = 0
configure:7408: result: yes
configure:7436: checking if gcc static flag -static works
configure:7464: result: yes
configure:7474: checking if gcc supports -c -o file.o
configure:7495: gcc -c -g -O2  -o out/conftest2.o conftest.c >&5
configure:7499: $? = 0
configure:7521: result: yes
configure:7547: checking whether the gcc linker (/usr/bin/ld -m elf_x86_64) supports shared libraries
configure:8457: result: yes
configure:8478: checking whether -lc should be explicitly linked in
configure:8483: gcc -c -g -O2  conftest.c >&5
configure:8486: $? = 0
configure:8501: gcc -shared conftest.o  -v -Wl,-soname -Wl,conftest -o conftest 2\>\&1 \| grep  -lc  \>/dev/null 2\>\&1
configure:8504: $? = 0
configure:8516: result: no
configure:8524: checking dynamic linker characteristics
configure:9124: result: GNU/Linux ld.so
configure:9133: checking how to hardcode library paths into programs
configure:9158: result: immediate
configure:9172: checking whether stripping libraries is possible
configure:9177: result: yes
configure:9693: checking if libtool supports shared libraries
configure:9695: result: yes
configure:9698: checking whether to build shared libraries
configure:9719: result: yes
configure:9722: checking whether to build static libraries
configure:9726: result: yes
configure:9818: creating libtool
configure:10402: checking for ld used by g++
configure:10469: result: /usr/bin/ld -m elf_x86_64
configure:10476: checking if the linker (/usr/bin/ld -m elf_x86_64) is GNU ld
configure:10491: result: yes
configure:10542: checking whether the g++ linker (/usr/bin/ld -m elf_x86_64) supports shared libraries
configure:11422: result: yes
configure:11440: g++ -c -g -O2  conftest.cpp >&5
configure:11443: $? = 0
configure:11562: checking for g++ option to produce PIC
configure:11836: result: -fPIC
configure:11844: checking if g++ PIC flag -fPIC works
configure:11862: g++ -c -g -O2  -fPIC -DPIC conftest.cpp >&5
configure:11866: $? = 0
configure:11879: result: yes
configure:11907: checking if g++ static flag -static works
configure:11935: result: yes
configure:11945: checking if g++ supports -c -o file.o
configure:11966: g++ -c -g -O2  -o out/conftest2.o conftest.cpp >&5
configure:11970: $? = 0
configure:11992: result: yes
configure:12018: checking whether the g++ linker (/usr/bin/ld -m elf_x86_64) supports shared libraries
configure:12049: result: yes
configure:12116: checking dynamic linker characteristics
configure:12716: result: GNU/Linux ld.so
configure:12725: checking how to hardcode library paths into programs
configure:12750: result: immediate
configure:18831: checking whether make sets $(MAKE)
configure:18853: result: yes
configure:18975: checking for C++ compiler version
configure:18984: g++ --version >&5
g++ (Debian 4.9.2-10) 4.9.2
Copyright (C) 2014 Free Software Foundation, Inc.
This is free software; see the source for copying conditions.  There is NO
warranty; not even for MERCHANTABILITY or FITNESS FOR A PARTICULAR PURPOSE.

configure:18995: $? = 0
configure:18984: g++ -v >&5
Using built-in specs.
COLLECT_GCC=g++
COLLECT_LTO_WRAPPER=/usr/lib/gcc/x86_64-linux-gnu/4.9/lto-wrapper
Target: x86_64-linux-gnu
Configured with: ../src/configure -v --with-pkgversion='Debian 4.9.2-10' --with-bugurl=file:///usr/share/doc/gcc-4.9/README.Bugs --enable-languages=c,c++,java,go,d,fortran,objc,obj-c++ --prefix=/usr --program-suffix=-4.9 --enable-shared --enable-linker-build-id --libexecdir=/usr/lib --without-included-gettext --enable-threads=posix --with-gxx-include-dir=/usr/include/c++/4.9 --libdir=/usr/lib --enable-nls --with-sysroot=/ --enable-clocale=gnu --enable-libstdcxx-debug --enable-libstdcxx-time=yes --enable-gnu-unique-object --disable-vtable-verify --enable-plugin --with-system-zlib --disable-browser-plugin --enable-java-awt=gtk --enable-gtk-cairo --with-java-home=/usr/lib/jvm/java-1.5.0-gcj-4.9-amd64/jre --enable-java-home --with-jvm-root-dir=/usr/lib/jvm/java-1.5.0-gcj-4.9-amd64 --with-jvm-jar-dir=/usr/lib/jvm-exports/java-1.5.0-gcj-4.9-amd64 --with-arch-directory=amd64 --with-ecj-jar=/usr/share/java/eclipse-ecj.jar --enable-objc-gc --enable-multiarch --with-arch-32=i586 --with-abi=m64 --with-multilib-list=m32,m64,mx32 --enable-multilib --with-tune=generic --enable-checking=release --build=x86_64-linux-gnu --host=x86_64-linux-gnu --target=x86_64-linux-gnu
Thread model: posix
gcc version 4.9.2 (Debian 4.9.2-10) 
configure:18995: $? = 0
configure:18984: g++ -V >&5
g++: error: unrecognized command line option '-V'
g++: fatal error: no input files
compilation terminated.
configure:18995: $? = 4
configure:18984: g++ -qversion >&5
g++: error: unrecognized command line option '-qversion'
g++: fatal error: no input files
compilation terminated.
configure:18995: $? = 4
configure:18999: checking whether we are using the GNU C++ compiler
configure:19027: result: yes
configure:19036: checking whether g++ accepts -g
configure:19097: result: yes
configure:19122: checking dependency style of g++
configure:19212: result: gcc3
configure:19235: checking how to run the C++ preprocessor
configure:19301: result: g++ -E
configure:19321: g++ -E  conftest.cpp
configure:19321: $? = 0
configure:19335: g++ -E  conftest.cpp
conftest.cpp:22:28: fatal error: ac_nonexistent.h: No such file or directory
 #include <ac_nonexistent.h>
                            ^
compilation terminated.
configure:19335: $? = 1
configure: failed program was:
| /* confdefs.h */
| #define PACKAGE_NAME ""
| #define PACKAGE_TARNAME ""
| #define PACKAGE_VERSION ""
| #define PACKAGE_STRING ""
| #define PACKAGE_BUGREPORT ""
| #define PACKAGE_URL ""
| #define PACKAGE "log4cxx"
| #define VERSION "0.10.0"
| #define STDC_HEADERS 1
| #define HAVE_SYS_TYPES_H 1
| #define HAVE_SYS_STAT_H 1
| #define HAVE_STDLIB_H 1
| #define HAVE_STRING_H 1
| #define HAVE_MEMORY_H 1
| #define HAVE_STRINGS_H 1
| #define HAVE_INTTYPES_H 1
| #define HAVE_STDINT_H 1
| #define HAVE_UNISTD_H 1
| #define HAVE_DLFCN_H 1
| /* end confdefs.h.  */
| #include <ac_nonexistent.h>
configure:19414: checking for doxygen
configure:19447: result: no
configure:19570: checking for APR
configure:19649: result: yes
configure:19686: checking for APR-util
configure:19765: result: yes
configure:19783: checking for mbsrtowcs
configure:19783: g++ -o conftest -g -O2    -DLINUX -D_REENTRANT -D_GNU_SOURCE  -I/usr/include/apr-1.0   -I/usr/include/apr-1.0 -I/usr/include   -L/usr/lib/x86_64-linux-gnu -lapr-1   -L/usr/lib/x86_64-linux-gnu -laprutil-1    conftest.cpp  >&5
configure:19783: $? = 0
configure:19783: result: yes
configure:19805: checking for wcstombs
configure:19805: g++ -o conftest -g -O2    -DLINUX -D_REENTRANT -D_GNU_SOURCE  -I/usr/include/apr-1.0   -I/usr/include/apr-1.0 -I/usr/include   -L/usr/lib/x86_64-linux-gnu -lapr-1   -L/usr/lib/x86_64-linux-gnu -laprutil-1    conftest.cpp  >&5
configure:19805: $? = 0
configure:19805: result: yes
configure:19828: checking for syslog
configure:19828: g++ -o conftest -g -O2    -DLINUX -D_REENTRANT -D_GNU_SOURCE  -I/usr/include/apr-1.0   -I/usr/include/apr-1.0 -I/usr/include   -L/usr/lib/x86_64-linux-gnu -lapr-1   -L/usr/lib/x86_64-linux-gnu -laprutil-1    conftest.cpp  >&5
configure:19828: $? = 0
configure:19828: result: yes
configure:19849: checking locale usability
configure:19849: g++ -c -g -O2    -DLINUX -D_REENTRANT -D_GNU_SOURCE  -I/usr/include/apr-1.0   -I/usr/include/apr-1.0 -I/usr/include conftest.cpp >&5
configure:19849: $? = 0
configure:19849: result: yes
configure:19849: checking locale presence
configure:19849: g++ -E    -DLINUX -D_REENTRANT -D_GNU_SOURCE  -I/usr/include/apr-1.0   -I/usr/include/apr-1.0 -I/usr/include conftest.cpp
configure:19849: $? = 0
configure:19849: result: yes
configure:19849: checking for locale
configure:19849: result: yes
configure:19866: checking for wchar_t
configure:19874: g++ -c -g -O2    -DLINUX -D_REENTRANT -D_GNU_SOURCE  -I/usr/include/apr-1.0   -I/usr/include/apr-1.0 -I/usr/include conftest.cpp >&5
configure:19874: $? = 0
configure:19880: result: yes
configure:19893: checking for fwide
configure:19893: g++ -o conftest -g -O2    -DLINUX -D_REENTRANT -D_GNU_SOURCE  -I/usr/include/apr-1.0   -I/usr/include/apr-1.0 -I/usr/include   -L/usr/lib/x86_64-linux-gnu -lapr-1   -L/usr/lib/x86_64-linux-gnu -laprutil-1    conftest.cpp  >&5
configure:19893: $? = 0
configure:19893: result: yes
configure:19960: checking for ranlib
configure:19987: result: ranlib
configure:20012: checking for ODBC support
configure:20099: result: no
configure:20113: checking for SMTP support
configure:20179: result: no
configure:20291: checking charset type
configure:20356: result: auto
configure:20378: checking logchar type
configure:20391: result: utf-8
configure:20611: creating ./config.status

## ---------------- ##
## Cache variables. ##
## ---------------- ##

ac_cv_build=x86_64-unknown-linux-gnu
ac_cv_c_compiler_gnu=yes
ac_cv_cxx_compiler_gnu=yes
ac_cv_env_CCC_set=
ac_cv_env_CCC_value=
ac_cv_env_CC_set=
ac_cv_env_CC_value=
ac_cv_env_CFLAGS_set=
ac_cv_env_CFLAGS_value=
ac_cv_env_CPPFLAGS_set=
ac_cv_env_CPPFLAGS_value=
ac_cv_env_CPP_set=
ac_cv_env_CPP_value=
ac_cv_env_CXXCPP_set=
ac_cv_env_CXXCPP_value=
ac_cv_env_CXXFLAGS_set=
ac_cv_env_CXXFLAGS_value=
ac_cv_env_CXX_set=
ac_cv_env_CXX_value=
ac_cv_env_F77_set=
ac_cv_env_F77_value=
ac_cv_env_FFLAGS_set=
ac_cv_env_FFLAGS_value=
ac_cv_env_LDFLAGS_set=
ac_cv_env_LDFLAGS_value=
ac_cv_env_LIBS_set=
ac_cv_env_LIBS_value=
ac_cv_env_build_alias_set=
ac_cv_env_build_alias_value=
ac_cv_env_host_alias_set=
ac_cv_env_host_alias_value=
ac_cv_env_target_alias_set=
ac_cv_env_target_alias_value=
ac_cv_f77_compiler_gnu=no
ac_cv_func_fwide=yes
ac_cv_func_mbsrtowcs=yes
ac_cv_func_syslog=yes
ac_cv_func_wcstombs=yes
ac_cv_header_dlfcn_h=yes
ac_cv_header_inttypes_h=yes
ac_cv_header_locale=yes
ac_cv_header_memory_h=yes
ac_cv_header_stdc=yes
ac_cv_header_stdint_h=yes
ac_cv_header_stdlib_h=yes
ac_cv_header_string_h=yes
ac_cv_header_strings_h=yes
ac_cv_header_sys_stat_h=yes
ac_cv_header_sys_types_h=yes
ac_cv_header_unistd_h=yes
ac_cv_host=x86_64-unknown-linux-gnu
ac_cv_objext=o
ac_cv_path_EGREP='/bin/grep -E'
ac_cv_path_GREP=/bin/grep
ac_cv_path_install='/usr/bin/install -c'
ac_cv_prog_AWK=gawk
ac_cv_prog_CPP='gcc -E'
ac_cv_prog_CXXCPP='g++ -E'
ac_cv_prog_ac_ct_AR=ar
ac_cv_prog_ac_ct_CC=gcc
ac_cv_prog_ac_ct_CXX=g++
ac_cv_prog_ac_ct_RANLIB=ranlib
ac_cv_prog_ac_ct_STRIP=strip
ac_cv_prog_cc_c89=
ac_cv_prog_cc_g=yes
ac_cv_prog_cxx_g=yes
ac_cv_prog_f77_g=no
ac_cv_prog_make_make_set=yes
ac_cv_target=x86_64-unknown-linux-gnu
am_cv_CC_dependencies_compiler_type=gcc3
am_cv_CXX_dependencies_compiler_type=gcc3
lt_cv_deplibs_check_method=pass_all
lt_cv_file_magic_cmd='$MAGIC_CMD'
lt_cv_file_magic_test_file=
lt_cv_ld_reload_flag=-r
lt_cv_objdir=.libs
lt_cv_path_LD=/usr/bin/ld
lt_cv_path_LDCXX='/usr/bin/ld -m elf_x86_64'
lt_cv_path_NM='/usr/bin/nm -B'
lt_cv_path_SED=/bin/sed
lt_cv_prog_compiler_c_o=yes
lt_cv_prog_compiler_c_o_CXX=yes
lt_cv_prog_compiler_rtti_exceptions=no
lt_cv_prog_gnu_ld=yes
lt_cv_prog_gnu_ldcxx=yes
lt_cv_sys_global_symbol_pipe='sed -n -e '\''s/^.*[ 	]\([ABCDGIRSTW][ABCDGIRSTW]*\)[ 	][ 	]*\([_A-Za-z][_A-Za-z0-9]*\)$/\1 \2 \2/p'\'''
lt_cv_sys_global_symbol_to_c_name_address='sed -n -e '\''s/^: \([^ ]*\) $/  {\"\1\", (lt_ptr) 0},/p'\'' -e '\''s/^[BCDEGRST] \([^ ]*\) \([^ ]*\)$/  {"\2", (lt_ptr) \&\2},/p'\'''
lt_cv_sys_global_symbol_to_cdecl='sed -n -e '\''s/^. .* \(.*\)$/extern int \1;/p'\'''
lt_cv_sys_max_cmd_len=32768
lt_lt_cv_prog_compiler_c_o='"yes"'
lt_lt_cv_prog_compiler_c_o_CXX='"yes"'
lt_lt_cv_sys_global_symbol_pipe='"sed -n -e '\''s/^.*[ 	]\\([ABCDGIRSTW][ABCDGIRSTW]*\\)[ 	][ 	]*\\([_A-Za-z][_A-Za-z0-9]*\\)\$/\\1 \\2 \\2/p'\''"'
lt_lt_cv_sys_global_symbol_to_c_name_address='"sed -n -e '\''s/^: \\([^ ]*\\) \$/  {\\\"\\1\\\", (lt_ptr) 0},/p'\'' -e '\''s/^[BCDEGRST] \\([^ ]*\\) \\([^ ]*\\)\$/  {\"\\2\", (lt_ptr) \\&\\2},/p'\''"'
lt_lt_cv_sys_global_symbol_to_cdecl='"sed -n -e '\''s/^. .* \\(.*\\)\$/extern int \\1;/p'\''"'

## ----------------- ##
## Output variables. ##
## ----------------- ##

ACLOCAL='${SHELL} /home/dev/git/bitgrinder/prereqs/apache-log4cxx-0.10.0/missing --run aclocal-1.9'
AMDEPBACKSLASH='\'
AMDEP_FALSE='#'
AMDEP_TRUE=''
AMTAR='${SHELL} /home/dev/git/bitgrinder/prereqs/apache-log4cxx-0.10.0/missing --run tar'
APR_LIBS=' -L/usr/lib/x86_64-linux-gnu -lapr-1 '
APU_LIBS=' -L/usr/lib/x86_64-linux-gnu -laprutil-1   '
AR='ar'
AUTOCONF='${SHELL} /home/dev/git/bitgrinder/prereqs/apache-log4cxx-0.10.0/missing --run autoconf'
AUTOHEADER='${SHELL} /home/dev/git/bitgrinder/prereqs/apache-log4cxx-0.10.0/missing --run autoheader'
AUTOMAKE='${SHELL} /home/dev/git/bitgrinder/prereqs/apache-log4cxx-0.10.0/missing --run automake-1.9'
AWK='gawk'
CC='gcc'
CCDEPMODE='depmode=gcc3'
CFLAGS='-g -O2'
CFSTRING_API='0'
CHARSET_EBCDIC='0'
CHARSET_ISO88591='0'
CHARSET_USASCII='0'
CHARSET_UTF8='0'
CHAR_API='1'
CPP='gcc -E'
CPPFLAGS='   -DLINUX -D_REENTRANT -D_GNU_SOURCE  -I/usr/include/apr-1.0   -I/usr/include/apr-1.0 -I/usr/include'
CPPFLAGS_ODBC=''
CXX='g++'
CXXCPP='g++ -E'
CXXDEPMODE='depmode=gcc3'
CXXFLAGS='-g -O2'
CYGPATH_W='echo'
DEFS='-DPACKAGE_NAME=\"\" -DPACKAGE_TARNAME=\"\" -DPACKAGE_VERSION=\"\" -DPACKAGE_STRING=\"\" -DPACKAGE_BUGREPORT=\"\" -DPACKAGE_URL=\"\" -DPACKAGE=\"log4cxx\" -DVERSION=\"0.10.0\" -DSTDC_HEADERS=1 -DHAVE_SYS_TYPES_H=1 -DHAVE_SYS_STAT_H=1 -DHAVE_STDLIB_H=1 -DHAVE_STRING_H=1 -DHAVE_MEMORY_H=1 -DHAVE_STRINGS_H=1 -DHAVE_INTTYPES_H=1 -DHAVE_STDINT_H=1 -DHAVE_UNISTD_H=1 -DHAVE_DLFCN_H=1 -DHAVE_MBSRTOWCS=1 -DHAVE_WCSTOMBS=1 -DHAVE_SYSLOG=1 -DHAVE_FWIDE=1'
DEPDIR='.deps'
DOC_FALSE=''
DOC_TRUE='#'
DOT=''
DOXYGEN=''
ECHO='echo'
ECHO_C=''
ECHO_N='-n'
ECHO_T=''
EGREP='/bin/grep -E'
EXEEXT=''
F77=''
FFLAGS=''
GREP='/bin/grep'
HAS_FWIDE='1'
HAS_LIBESMTP='0'
HAS_MBSRTOWCS='1'
HAS_ODBC='0'
HAS_STD_LOCALE='1'
HAS_SYSLOG='1'
HAS_WCHAR_T='1'
HAS_WCSTOMBS='1'
INSTALL_DATA='${INSTALL} -m 644'
INSTALL_PROGRAM='${INSTALL}'
INSTALL_SCRIPT='${INSTALL}'
INSTALL_STRIP_PROGRAM='${SHELL} $(install_sh) -c -s'
IODBC_CONFIG=''
LATEX_DOC_FALSE=''
LATEX_DOC_TRUE='#'
LDFLAGS='  -L/usr/lib/x86_64-linux-gnu -lapr-1   -L/usr/lib/x86_64-linux-gnu -laprutil-1   '
LIBOBJS=''
LIBS=''
LIBS_ODBC=''
LIBTOOL='$(SHELL) $(top_builddir)/libtool'
LN_S='ln -s'
LOGCHAR_IS_UNICHAR='0'
LOGCHAR_IS_UTF8='1'
LOGCHAR_IS_WCHAR='0'
LTLIBOBJS=''
LT_VERSION='10:0:0'
MAKEINFO='${SHELL} /home/dev/git/bitgrinder/prereqs/apache-log4cxx-0.10.0/missing --run makeinfo'
OBJEXT='o'
PACKAGE='log4cxx'
PACKAGE_BUGREPORT=''
PACKAGE_NAME=''
PACKAGE_STRING=''
PACKAGE_TARNAME=''
PACKAGE_URL=''
PACKAGE_VERSION=''
PATH_SEPARATOR=':'
RANLIB='ranlib'
SET_MAKE=''
SHELL='/bin/sh'
STRIP='strip'
UNICHAR_API='0'
VERSION='0.10.0'
WCHAR_T_API='1'
ac_ct_CC='gcc'
ac_ct_CXX='g++'
ac_ct_F77=''
am__fastdepCC_FALSE='#'
am__fastdepCC_TRUE=''
am__fastdepCXX_FALSE='#'
am__fastdepCXX_TRUE=''
am__include='include'
am__leading_dot='.'
am__quote=''
am__tar='${AMTAR} chof - "$$tardir"'
am__untar='${AMTAR} xf -'
base_dir='/home/dev/git/bitgrinder/prereqs/apache-log4cxx-0.10.0'
bindir='${exec_prefix}/bin'
build='x86_64-unknown-linux-gnu'
build_alias=''
build_cpu='x86_64'
build_os='linux-gnu'
build_vendor='unknown'
datadir='${datarootdir}'
datarootdir='${prefix}/share'
docdir='${datarootdir}/doc/${PACKAGE}'
dvidir='${docdir}'
enable_dot='no'
enable_html_docs='yes'
enable_latex_docs='no'
exec_prefix='${prefix}'
host='x86_64-unknown-linux-gnu'
host_alias=''
host_cpu='x86_64'
host_os='linux-gnu'
host_vendor='unknown'
htmldir='${docdir}'
includedir='${prefix}/include'
infodir='${datarootdir}/info'
install_sh='/home/dev/git/bitgrinder/prereqs/apache-log4cxx-0.10.0/install-sh'
libdir='${exec_prefix}/lib'
libexecdir='${exec_prefix}/libexec'
localedir='${datarootdir}/locale'
localstatedir='${prefix}/var'
mandir='${datarootdir}/man'
manual_dest='manual'
mkdir_p='mkdir -p --'
oldincludedir='/usr/include'
pdfdir='${docdir}'
prefix='/usr/local'
program_transform_name='s,x,x,'
psdir='${docdir}'
sbindir='${exec_prefix}/sbin'
sharedstatedir='${prefix}/com'
sysconfdir='${prefix}/etc'
target='x86_64-unknown-linux-gnu'
target_alias=''
target_cpu='x86_64'
target_os='linux-gnu'
target_vendor='unknown'

## ----------- ##
## confdefs.h. ##
## ----------- ##

/* confdefs.h */
#define PACKAGE_NAME ""
#define PACKAGE_TARNAME ""
#define PACKAGE_VERSION ""
#define PACKAGE_STRING ""
#define PACKAGE_BUGREPORT ""
#define PACKAGE_URL ""
#define PACKAGE "log4cxx"
#define VERSION "0.10.0"
#define STDC_HEADERS 1
#define HAVE_SYS_TYPES_H 1
#define HAVE_SYS_STAT_H 1
#define HAVE_STDLIB_H 1
#define HAVE_STRING_H 1
#define HAVE_MEMORY_H 1
#define HAVE_STRINGS_H 1
#define HAVE_INTTYPES_H 1
#define HAVE_STDINT_H 1
#define HAVE_UNISTD_H 1
#define HAVE_DLFCN_H 1
#define HAVE_MBSRTOWCS 1
#define HAVE_WCSTOMBS 1
#define HAVE_SYSLOG 1
#define HAVE_FWIDE 1

configure: exit 0

## ---------------------- ##
## Running config.status. ##
## ---------------------- ##

This file was extended by config.status, which was
generated by GNU Autoconf 2.69.  Invocation command line was

  CONFIG_FILES    = 
  CONFIG_HEADERS  = 
  CONFIG_LINKS    = 
  CONFIG_COMMANDS = 
  $ ./config.status 

on s1

config.status:867: creating Makefile
config.status:970: WARNING:  'Makefile.in' seems to ignore the --datarootdir setting
config.status:867: creating liblog4cxx.pc
config.status:867: creating src/Makefile
config.status:970: WARNING:  'src/Makefile.in' seems to ignore the --datarootdir setting
config.status:867: creating src/main/Makefile
config.status:970: WARNING:  'src/main/Makefile.in' seems to ignore the --datarootdir setting
config.status:867: creating src/main/cpp/Makefile
config.status:970: WARNING:  'src/main/cpp/Makefile.in' seems to ignore the --datarootdir setting
config.status:867: creating src/main/include/Makefile
config.status:970: WARNING:  'src/main/include/Makefile.in' seems to ignore the --datarootdir setting
config.status:867: creating src/main/include/log4cxx/log4cxx.h
config.status:867: creating src/main/include/log4cxx/private/log4cxx_private.h
config.status:867: creating src/main/include/log4cxx/private/Makefile
config.status:970: WARNING:  'src/main/include/log4cxx/private/Makefile.in' seems to ignore the --datarootdir setting
config.status:867: creating src/main/include/log4cxx/Makefile
config.status:970: WARNING:  'src/main/include/log4cxx/Makefile.in' seems to ignore the --datarootdir setting
config.status:867: creating src/main/include/log4cxx/helpers/Makefile
config.status:970: WARNING:  'src/main/include/log4cxx/helpers/Makefile.in' seems to ignore the --datarootdir setting
config.status:867: creating src/main/include/log4cxx/net/Makefile
config.status:970: WARNING:  'src/main/include/log4cxx/net/Makefile.in' seems to ignore the --datarootdir setting
config.status:867: creating src/main/include/log4cxx/nt/Makefile
config.status:970: WARNING:  'src/main/include/log4cxx/nt/Makefile.in' seems to ignore the --datarootdir setting
config.status:867: creating src/main/include/log4cxx/spi/Makefile
config.status:970: WARNING:  'src/main/include/log4cxx/spi/Makefile.in' seems to ignore the --datarootdir setting
config.status:867: creating src/main/include/log4cxx/spi/location/Makefile
config.status:970: WARNING:  'src/main/include/log4cxx/spi/location/Makefile.in' seems to ignore the --datarootdir setting
config.status:867: creating src/main/include/log4cxx/varia/Makefile
config.status:970: WARNING:  'src/main/include/log4cxx/varia/Makefile.in' seems to ignore the --datarootdir setting
config.status:867: creating src/main/include/log4cxx/xml/Makefile
config.status:970: WARNING:  'src/main/include/log4cxx/xml/Makefile.in' seems to ignore the --datarootdir setting
config.status:867: creating src/main/include/log4cxx/config/Makefile
config.status:970: WARNING:  'src/main/include/log4cxx/config/Makefile.in' seems to ignore the --datarootdir setting
config.status:867: creating src/main/include/log4cxx/db/Makefile
config.status:970: WARNING:  'src/main/include/log4cxx/db/Makefile.in' seems to ignore the --datarootdir setting
config.status:867: creating src/main/include/log4cxx/rolling/Makefile
config.status:970: WARNING:  'src/main/include/log4cxx/rolling/Makefile.in' seems to ignore the --datarootdir setting
config.status:867: creating src/main/include/log4cxx/pattern/Makefile
config.status:970: WARNING:  'src/main/include/log4cxx/pattern/Makefile.in' seems to ignore the --datarootdir setting
config.status:867: creating src/main/include/log4cxx/filter/Makefile
config.status:970: WARNING:  'src/main/include/log4cxx/filter/Makefile.in' seems to ignore the --datarootdir setting
config.status:867: creating src/site/Makefile
config.status:970: WARNING:  'src/site/Makefile.in' seems to ignore the --datarootdir setting
config.status:867: creating src/site/doxy/Makefile
config.status:970: WARNING:  'src/site/doxy/Makefile.in' seems to ignore the --datarootdir setting
config.status:867: creating src/site/doxy/Doxyfile
config.status:867: creating src/test/Makefile
config.status:970: WARNING:  'src/test/Makefile.in' seems to ignore the --datarootdir setting
config.status:867: creating src/test/resources/Makefile
config.status:970: WARNING:  'src/test/resources/Makefile.in' seems to ignore the --datarootdir setting
config.status:867: creating src/test/resources/input/Makefile
config.status:970: WARNING:  'src/test/resources/input/Makefile.in' seems to ignore the --datarootdir setting
config.status:867: creating src/test/resources/input/ndc/Makefile
config.status:970: WARNING:  'src/test/resources/input/ndc/Makefile.in' seems to ignore the --datarootdir setting
config.status:867: creating src/test/resources/input/rolling/Makefile
config.status:970: WARNING:  'src/test/resources/input/rolling/Makefile.in' seems to ignore the --datarootdir setting
config.status:867: creating src/test/resources/input/xml/Makefile
config.status:970: WARNING:  'src/test/resources/input/xml/Makefile.in' seems to ignore the --datarootdir setting
config.status:867: creating src/test/cpp/Makefile
config.status:970: WARNING:  'src/test/cpp/Makefile.in' seems to ignore the --datarootdir setting
config.status:867: creating src/test/resources/witness/Makefile
config.status:970: WARNING:  'src/test/resources/witness/Makefile.in' seems to ignore the --datarootdir setting
config.status:867: creating src/test/resources/witness/encoding/Makefile
config.status:970: WARNING:  'src/test/resources/witness/encoding/Makefile.in' seems to ignore the --datarootdir setting
config.status:867: creating src/test/resources/witness/ndc/Makefile
config.status:970: WARNING:  'src/test/resources/witness/ndc/Makefile.in' seems to ignore the --datarootdir setting
config.status:867: creating src/test/resources/witness/rolling/Makefile
config.status:970: WARNING:  'src/test/resources/witness/rolling/Makefile.in' seems to ignore the --datarootdir setting
config.status:867: creating src/examples/Makefile
config.status:970: WARNING:  'src/examples/Makefile.in' seems to ignore the --datarootdir setting
config.status:867: creating src/examples/cpp/Makefile
config.status:970: WARNING:  'src/examples/cpp/Makefile.in' seems to ignore the --datarootdir setting
config.status:1033: executing depfiles commands
